<?xml version="1.0" encoding="UTF-8"?>
<!-- Generated by org.testng.reporters.JUnitReportReporter -->
<testsuite hostname="DESKTOP-9CCOEO0" failures="0" tests="1" name="test.LoginTest" time="4.512" errors="0" timestamp="24 Nov 2021 04:32:19 GMT" skipped="0">
  <testcase classname="test.LoginTest" name="verifiedUserShouldBeAbleToLogin" time="4.512"/>
</testsuite> <!-- test.LoginTest -->
