<?xml version="1.0" encoding="UTF-8"?>
<!-- Generated by org.testng.reporters.JUnitReportReporter -->
<testsuite hostname="DESKTOP-9CCOEO0" failures="0" tests="1" name="test.AddContactTest" time="15.523" errors="0" timestamp="25 Nov 2021 01:58:39 GMT" skipped="0">
  <testcase classname="test.AddContactTest" name="validUserShoudBeAbleToAddCustomer" time="15.523"/>
</testsuite> <!-- test.AddContactTest -->
